<?xml version="1.0" encoding="UTF-8"?>
<!-- Generated by org.testng.reporters.JUnitReportReporter -->
<testsuite hostname="ebn020" failures="0" tests="7" name="com.ui.test.Role" time="4.169" errors="1" timestamp="2020-06-17T19:42:36 IST" skipped="6">
  <testcase classname="com.ui.test.Role" name="launchBrowser" time="4.169">
    <error message="session not created: This version of ChromeDriver only supports Chrome version 80
Build info: version: &#039;3.141.59&#039;, revision: &#039;e82be7d358&#039;, time: &#039;2018-11-14T08:25:48&#039;
System info: host: &#039;EBN020&#039;, ip: &#039;192.168.1.6&#039;, os.name: &#039;Windows 10&#039;, os.arch: &#039;amd64&#039;, os.version: &#039;10.0&#039;, java.version: &#039;14&#039;
Driver info: driver.version: ChromeDriver
remote stacktrace: Backtrace:
	Ordinal0 [0x00A50C83+1707139]
	Ordinal0 [0x009B68F1+1075441]
	Ordinal0 [0x0092DFC9+516041]
	Ordinal0 [0x008C0554+66900]
	Ordinal0 [0x008BCCE2+52450]
	Ordinal0 [0x008DBFD7+180183]
	Ordinal0 [0x008DBDDD+179677]
	Ordinal0 [0x008D9D4B+171339]
	Ordinal0 [0x008C1D4A+73034]
	Ordinal0 [0x008C2DC0+77248]
	Ordinal0 [0x008C2D59+77145]
	Ordinal0 [0x009CBB67+1162087]
	GetHandleVerifier [0x00AEA966+508998]
	GetHandleVerifier [0x00AEA6A4+508292]
	GetHandleVerifier [0x00AFF7B7+594583]
	GetHandleVerifier [0x00AEB1D6+511158]
	Ordinal0 [0x009C402C+1130540]
	Ordinal0 [0x009CD4CB+1168587]
	Ordinal0 [0x009CD633+1168947]
	Ordinal0 [0x009E5B35+1268533]
	BaseThreadInitThunk [0x76106359+25]
	RtlGetAppContainerNamedObjectPath [0x772E7C24+228]
	RtlGetAppContainerNamedObjectPath [0x772E7BF4+180]
" type="org.openqa.selenium.SessionNotCreatedException">
      <![CDATA[org.openqa.selenium.SessionNotCreatedException: session not created: This version of ChromeDriver only supports Chrome version 80
Build info: version: '3.141.59', revision: 'e82be7d358', time: '2018-11-14T08:25:48'
System info: host: 'EBN020', ip: '192.168.1.6', os.name: 'Windows 10', os.arch: 'amd64', os.version: '10.0', java.version: '14'
Driver info: driver.version: ChromeDriver
remote stacktrace: Backtrace:
Ordinal0 [0x00A50C83+1707139]
Ordinal0 [0x009B68F1+1075441]
Ordinal0 [0x0092DFC9+516041]
Ordinal0 [0x008C0554+66900]
Ordinal0 [0x008BCCE2+52450]
Ordinal0 [0x008DBFD7+180183]
Ordinal0 [0x008DBDDD+179677]
Ordinal0 [0x008D9D4B+171339]
Ordinal0 [0x008C1D4A+73034]
Ordinal0 [0x008C2DC0+77248]
Ordinal0 [0x008C2D59+77145]
Ordinal0 [0x009CBB67+1162087]
GetHandleVerifier [0x00AEA966+508998]
GetHandleVerifier [0x00AEA6A4+508292]
GetHandleVerifier [0x00AFF7B7+594583]
GetHandleVerifier [0x00AEB1D6+511158]
Ordinal0 [0x009C402C+1130540]
Ordinal0 [0x009CD4CB+1168587]
Ordinal0 [0x009CD633+1168947]
Ordinal0 [0x009E5B35+1268533]
BaseThreadInitThunk [0x76106359+25]
RtlGetAppContainerNamedObjectPath [0x772E7C24+228]
RtlGetAppContainerNamedObjectPath [0x772E7BF4+180]

at java.base/jdk.internal.reflect.NativeConstructorAccessorImpl.newInstance0(Native Method)
at java.base/jdk.internal.reflect.NativeConstructorAccessorImpl.newInstance(NativeConstructorAccessorImpl.java:62)
at java.base/jdk.internal.reflect.DelegatingConstructorAccessorImpl.newInstance(DelegatingConstructorAccessorImpl.java:45)
at java.base/java.lang.reflect.Constructor.newInstanceWithCaller(Constructor.java:500)
at java.base/java.lang.reflect.Constructor.newInstance(Constructor.java:481)
at org.openqa.selenium.remote.W3CHandshakeResponse.lambda$errorHandler$0(W3CHandshakeResponse.java:62)
at org.openqa.selenium.remote.HandshakeResponse.lambda$getResponseFunction$0(HandshakeResponse.java:30)
at org.openqa.selenium.remote.ProtocolHandshake.lambda$createSession$0(ProtocolHandshake.java:126)
at java.base/java.util.stream.ReferencePipeline$3$1.accept(ReferencePipeline.java:195)
at java.base/java.util.Spliterators$ArraySpliterator.tryAdvance(Spliterators.java:958)
at java.base/java.util.stream.ReferencePipeline.forEachWithCancel(ReferencePipeline.java:127)
at java.base/java.util.stream.AbstractPipeline.copyIntoWithCancel(AbstractPipeline.java:502)
at java.base/java.util.stream.AbstractPipeline.copyInto(AbstractPipeline.java:488)
at java.base/java.util.stream.AbstractPipeline.wrapAndCopyInto(AbstractPipeline.java:474)
at java.base/java.util.stream.FindOps$FindOp.evaluateSequential(FindOps.java:150)
at java.base/java.util.stream.AbstractPipeline.evaluate(AbstractPipeline.java:234)
at java.base/java.util.stream.ReferencePipeline.findFirst(ReferencePipeline.java:543)
at org.openqa.selenium.remote.ProtocolHandshake.createSession(ProtocolHandshake.java:128)
at org.openqa.selenium.remote.ProtocolHandshake.createSession(ProtocolHandshake.java:74)
at org.openqa.selenium.remote.HttpCommandExecutor.execute(HttpCommandExecutor.java:136)
at org.openqa.selenium.remote.service.DriverCommandExecutor.execute(DriverCommandExecutor.java:83)
at org.openqa.selenium.remote.RemoteWebDriver.execute(RemoteWebDriver.java:552)
at org.openqa.selenium.remote.RemoteWebDriver.startSession(RemoteWebDriver.java:213)
at org.openqa.selenium.remote.RemoteWebDriver.<init>(RemoteWebDriver.java:131)
at org.openqa.selenium.chrome.ChromeDriver.<init>(ChromeDriver.java:181)
at org.openqa.selenium.chrome.ChromeDriver.<init>(ChromeDriver.java:168)
at org.openqa.selenium.chrome.ChromeDriver.<init>(ChromeDriver.java:123)
at com.ui.test.LoginPage2.launchBrowser(LoginPage2.java:18)
at java.base/jdk.internal.reflect.NativeMethodAccessorImpl.invoke0(Native Method)
at java.base/jdk.internal.reflect.NativeMethodAccessorImpl.invoke(NativeMethodAccessorImpl.java:62)
at java.base/jdk.internal.reflect.DelegatingMethodAccessorImpl.invoke(DelegatingMethodAccessorImpl.java:43)
at java.base/java.lang.reflect.Method.invoke(Method.java:564)
at org.testng.internal.MethodInvocationHelper.invokeMethod(MethodInvocationHelper.java:135)
at org.testng.internal.MethodInvocationHelper.invokeMethodConsideringTimeout(MethodInvocationHelper.java:64)
at org.testng.internal.ConfigInvoker.invokeConfigurationMethod(ConfigInvoker.java:364)
at org.testng.internal.ConfigInvoker.invokeConfigurations(ConfigInvoker.java:318)
at org.testng.TestRunner.invokeTestConfigurations(TestRunner.java:620)
at org.testng.TestRunner.beforeRun(TestRunner.java:610)
at org.testng.TestRunner.run(TestRunner.java:581)
at org.testng.SuiteRunner.runTest(SuiteRunner.java:384)
at org.testng.SuiteRunner.runSequentially(SuiteRunner.java:378)
at org.testng.SuiteRunner.privateRun(SuiteRunner.java:337)
at org.testng.SuiteRunner.run(SuiteRunner.java:286)
at org.testng.SuiteRunnerWorker.runSuite(SuiteRunnerWorker.java:53)
at org.testng.SuiteRunnerWorker.run(SuiteRunnerWorker.java:96)
at org.testng.TestNG.runSuitesSequentially(TestNG.java:1214)
at org.testng.TestNG.runSuitesLocally(TestNG.java:1136)
at org.testng.TestNG.runSuites(TestNG.java:1066)
at org.testng.TestNG.run(TestNG.java:1034)
at org.testng.remote.AbstractRemoteTestNG.run(AbstractRemoteTestNG.java:115)
at org.testng.remote.RemoteTestNG.initAndRun(RemoteTestNG.java:251)
at org.testng.remote.RemoteTestNG.main(RemoteTestNG.java:77)
]]>
    </error>
  </testcase> <!-- launchBrowser -->
  <system-out/>
  <testcase classname="com.ui.test.Role" name="verifyLoginpageUrl" time="0.000">
    <skipped/>
  </testcase> <!-- verifyLoginpageUrl -->
  <system-out/>
  <testcase classname="com.ui.test.Role" name="LogIn" time="0.000">
    <skipped/>
  </testcase> <!-- LogIn -->
  <system-out/>
  <testcase classname="com.ui.test.Role" name="verifyLogin" time="0.000">
    <skipped/>
  </testcase> <!-- verifyLogin -->
  <system-out/>
  <testcase classname="com.ui.test.Role" name="CreateRole" time="0.000">
    <skipped/>
  </testcase> <!-- CreateRole -->
  <system-out/>
  <testcase classname="com.ui.test.Role" name="EditRole" time="0.000">
    <skipped/>
  </testcase> <!-- EditRole -->
  <system-out/>
  <testcase classname="com.ui.test.Role" name="Delete" time="0.000">
    <skipped/>
  </testcase> <!-- Delete -->
  <system-out/>
</testsuite> <!-- com.ui.test.Role -->
